<?xml version="1.0" encoding="UTF-8"?>
<!-- Generated by org.testng.reporters.JUnitReportReporter -->
<testsuite hostname="DESKTOP-FSUGIBG" failures="0" tests="1" name="com.Ecom.Project.Ebay_Advanced_Search_Sanity" time="13.419" errors="0" timestamp="2021-10-10T16:44:25 IST" skipped="0">
  <testcase classname="com.Ecom.Project.Ebay_Advanced_Search_Sanity" name="category_options_in_ascending_order_test" time="13.419"/>
  <system-out/>
</testsuite> <!-- com.Ecom.Project.Ebay_Advanced_Search_Sanity -->
