<?xml version="1.0" encoding="UTF-8"?>
<!-- Generated by org.testng.reporters.JUnitReportReporter -->
<testsuite hostname="DESKTOP-FSUGIBG" failures="0" tests="5" name="SelfLearning.Selenium.maven.Demo_Test" time="0.014" errors="0" timestamp="2021-10-07T14:52:57 IST" skipped="0">
  <testcase classname="SelfLearning.Selenium.maven.Demo_Test" name="test3" time="0.002"/>
  <system-out/>
  <testcase classname="SelfLearning.Selenium.maven.Demo_Test" name="test5" time="0.003"/>
  <system-out/>
  <testcase classname="SelfLearning.Selenium.maven.Demo_Test" name="test2" time="0.003"/>
  <system-out/>
  <testcase classname="SelfLearning.Selenium.maven.Demo_Test" name="test4" time="0.002"/>
  <system-out/>
  <testcase classname="SelfLearning.Selenium.maven.Demo_Test" name="test1" time="0.004"/>
  <system-out/>
</testsuite> <!-- SelfLearning.Selenium.maven.Demo_Test -->
