<?xml version="1.0" encoding="UTF-8"?>
<!-- Generated by org.testng.reporters.JUnitReportReporter -->
<testsuite hostname="DESKTOP-FSUGIBG" failures="0" tests="1" name="SelfLearning.Selenium.maven.Ebay_Advanced_Search_Sanity" time="19.468" errors="0" timestamp="2021-10-07T17:14:57 IST" skipped="0">
  <testcase classname="SelfLearning.Selenium.maven.Ebay_Advanced_Search_Sanity" name="category_options_in_ascending_order_test" time="19.468"/>
  <system-out/>
</testsuite> <!-- SelfLearning.Selenium.maven.Ebay_Advanced_Search_Sanity -->
